2014-12-12 18:11:13,608 - INFO - Connecting to database: None
INFO - Using logging config at C:\Users\steve/Documents/svn/HYDRA/config/logging.conf
INFO - Connecting to database: sqlite:///C:\Users\Public\Documents/Hydra Modeller/db/hydra.db
INFO - Custom unit conversion file 'C:\Users\Public\Documents/Hydra Modeller/.config/hydra/unit_conversion.xml' does not exist, falling back to default file (C:\Users\steve\DOCUME~1\svn\HYDRA\HYDRAS~1\trunk\dist\HYDRAS~1\HydraLib\static\user_units.xml).
INFO - home_dir C:\Users\Public\Documents/Hydra Modeller
INFO - hydra_base_dir C:\Users\steve/Documents/svn/HYDRA
INFO - common_app_data_folder C:\ProgramData
INFO - win_common_documents C:\Users\Public\Documents
INFO - sqlite url sqlite:///C:\Users\Public\Documents/Hydra Modeller/db/hydra.db
INFO - layout_xsd_path C:\Users\steve/Documents/svn/HYDRA/HydraServer/trunk/static/xml/resource_layout.xsd
INFO - default_directory C:\Users\steve/Documents/svn/HYDRA/HydraPlugins/
INFO - result_file C:\Users\Public\Documents/Hydra Modeller/.hydra/plugin_result/
INFO - plugin_xsd_path C:\Users\steve/Documents/svn/HYDRA/HydraPlugins/xml/trunk/plugin_input.xsd
INFO - log_config_path C:\Users\steve/Documents/svn/HYDRA/config/logging.conf
INFO - listening to http://127.0.0.1:8080/soap
INFO - wsdl is at: http://127.0.0.1:8080/soap/?wsdl
INFO - Using logging config at C:\Users\steve/Documents/svn/HYDRA/config/logging.conf
INFO - Connecting to database: sqlite:///C:\Users\Public\Documents/Hydra Modeller/db/hydra.db
INFO - Custom unit conversion file 'C:\Users\Public\Documents/Hydra Modeller/.config/hydra/unit_conversion.xml' does not exist, falling back to default file (C:\Users\steve\DOCUME~1\svn\HYDRA\HYDRAS~1\trunk\dist\HYDRAS~1\HydraLib\static\user_units.xml).
INFO - home_dir C:\Users\Public\Documents/Hydra Modeller
INFO - hydra_base_dir C:\Users\steve/Documents/svn/HYDRA
INFO - common_app_data_folder C:\ProgramData
INFO - win_common_documents C:\Users\Public\Documents
INFO - sqlite url sqlite:///C:\Users\Public\Documents/Hydra Modeller/db/hydra.db
INFO - layout_xsd_path C:\Users\steve/Documents/svn/HYDRA/HydraServer/trunk/static/xml/resource_layout.xsd
INFO - default_directory C:\Users\steve/Documents/svn/HYDRA/HydraPlugins/
INFO - result_file C:\Users\Public\Documents/Hydra Modeller/.hydra/plugin_result/
INFO - plugin_xsd_path C:\Users\steve/Documents/svn/HYDRA/HydraPlugins/xml/trunk/plugin_input.xsd
INFO - log_config_path C:\Users\steve/Documents/svn/HYDRA/config/logging.conf
INFO - listening to http://127.0.0.1:8080/soap
INFO - wsdl is at: http://127.0.0.1:8080/soap/?wsdl
INFO - Received request: <function login at 0x00000000068680B8>
CRITICAL - [Errno 2] No such file or directory: 'C:\\Users\\steve\\Documents\\svn\\HYDRA\\HydraServer\\trunk\\build\\server\\out00-PYZ.pyz\\__pycache__\\_bcrypt_cffi_6b390667x92a686ca.c'
ERROR - Fault(Server: 'Fault')
Traceback (most recent call last):
  File "C:\Users\steve\Documents\svn\HYDRA\HydraServer\trunk\build\server\out00-PYZ.pyz\spyne.application", line 142, in process_request
  File "<string>", line 179, in call_wrapper
Fault: Fault(Server: 'Fault')
INFO - Using logging config at c:/Users/steve/Documents/svn/HYDRA/config/logging.conf
INFO - Connecting to database: sqlite:///C:\Users\Public\Documents/Hydra Modeller/db/hydra.db
INFO - Custom unit conversion file 'C:\Users\Public\Documents/Hydra Modeller/.config/hydra/unit_conversion.xml' does not exist, falling back to default file (C:\Users\steve\Documents\svn\HYDRA\HydraLib\trunk\HydraLib\static\user_units.xml).
INFO - home_dir C:\Users\Public\Documents/Hydra Modeller
INFO - hydra_base_dir c:/Users/steve/Documents/svn/HYDRA
INFO - common_app_data_folder C:\ProgramData
INFO - win_common_documents C:\Users\Public\Documents
INFO - sqlite url sqlite:///C:\Users\Public\Documents/Hydra Modeller/db/hydra.db
INFO - layout_xsd_path c:/Users/steve/Documents/svn/HYDRA/HydraServer/trunk/static/xml/resource_layout.xsd
INFO - default_directory c:/Users/steve/Documents/svn/HYDRA/HydraPlugins/
INFO - result_file C:\Users\Public\Documents/Hydra Modeller/.hydra/plugin_result/
INFO - plugin_xsd_path c:/Users/steve/Documents/svn/HYDRA/HydraPlugins/xml/trunk/plugin_input.xsd
INFO - log_config_path c:/Users/steve/Documents/svn/HYDRA/config/logging.conf
INFO - listening to http://127.0.0.1:8080/soap
INFO - wsdl is at: http://127.0.0.1:8080/soap/?wsdl
INFO - Received request: <function login at 0x000000000608B9E8>
INFO - Call took: 0:00:00.446000
INFO - Using logging config at C:\Users\steve/Documents/svn/HYDRA/config/logging.conf
INFO - Connecting to database: sqlite:///C:\Users\Public\Documents/Hydra Modeller/db/hydra.db
INFO - Custom unit conversion file 'C:\Users\Public\Documents/Hydra Modeller/.config/hydra/unit_conversion.xml' does not exist, falling back to default file (C:\Users\steve\DOCUME~1\svn\HYDRA\HYDRAS~1\trunk\dist\HYDRAS~1\HydraLib\static\user_units.xml).
INFO - home_dir C:\Users\Public\Documents/Hydra Modeller
INFO - hydra_base_dir C:\Users\steve/Documents/svn/HYDRA
INFO - common_app_data_folder C:\ProgramData
INFO - win_common_documents C:\Users\Public\Documents
INFO - sqlite url sqlite:///C:\Users\Public\Documents/Hydra Modeller/db/hydra.db
INFO - layout_xsd_path C:\Users\steve/Documents/svn/HYDRA/HydraServer/trunk/static/xml/resource_layout.xsd
INFO - default_directory C:\Users\steve/Documents/svn/HYDRA/HydraPlugins/
INFO - result_file C:\Users\Public\Documents/Hydra Modeller/.hydra/plugin_result/
INFO - plugin_xsd_path C:\Users\steve/Documents/svn/HYDRA/HydraPlugins/xml/trunk/plugin_input.xsd
INFO - log_config_path C:\Users\steve/Documents/svn/HYDRA/config/logging.conf
INFO - listening to http://127.0.0.1:8080/soap
INFO - wsdl is at: http://127.0.0.1:8080/soap/?wsdl
INFO - Received request: <function login at 0x000000000608B9E8>
INFO - Call took: 0:00:00.210000
INFO - Received request: <function login at 0x000000000608B9E8>
INFO - Call took: 0:00:00.209000
INFO - Received request: <function login at 0x000000000608B9E8>
INFO - Call took: 0:00:00.390000
INFO - Received request: <function login at 0x000000000608B9E8>
INFO - Call took: 0:00:00.249000
INFO - Received request: <function bulk_insert_data at 0x0000000006202898>
INFO - Incoming data processed in 0:00:00
INFO - Retrieved 0 datasets
INFO - Existing data retrieved.
INFO - Retrieved 2 datasets
INFO - Done bulk inserting data. 2 datasets
INFO - Call took: 0:00:00.025000
INFO - Received request: <function add_dataset_group at 0x0000000006202C88>
INFO - Call took: 0:00:00
INFO - Received request: <function login at 0x000000000608B9E8>
INFO - Call took: 0:00:00.182000
INFO - Received request: <function login at 0x000000000608B9E8>
INFO - Call took: 0:00:00.229000
INFO - Received request: <function login at 0x000000000608B9E8>
INFO - Call took: 0:00:00.266000
INFO - Received request: <function bulk_insert_data at 0x0000000006202898>
INFO - Incoming data processed in 0:00:00
INFO - Retrieved 2 datasets
INFO - Existing data retrieved.
INFO - Done bulk inserting data. 2 datasets
INFO - Call took: 0:00:00
INFO - Received request: <function add_dataset_group at 0x0000000006202C88>
INFO - Call took: 0:00:00
INFO - Received request: <function login at 0x000000000608B9E8>
INFO - Call took: 0:00:00.469000
INFO - Received request: <function bulk_insert_data at 0x0000000006202898>
INFO - Incoming data processed in 0:00:00
INFO - Retrieved 2 datasets
INFO - Existing data retrieved.
INFO - Done bulk inserting data. 2 datasets
INFO - Call took: 0:00:00.023000
INFO - Received request: <function add_dataset_group at 0x0000000006202C88>
INFO - Call took: 0:00:00
INFO - Received request: <function login at 0x000000000608B9E8>
INFO - Call took: 0:00:00.312000
INFO - Received request: <function bulk_insert_data at 0x0000000006202898>
INFO - Incoming data processed in 0:00:00
INFO - Retrieved 2 datasets
INFO - Existing data retrieved.
INFO - Done bulk inserting data. 2 datasets
INFO - Call took: 0:00:00.015000
INFO - Received request: <function add_dataset_group at 0x0000000006202C88>
INFO - Call took: 0:00:00
INFO - Received request: <function login at 0x000000000608B9E8>
INFO - Call took: 0:00:00.313000
INFO - Received request: <function bulk_insert_data at 0x0000000006202898>
INFO - Incoming data processed in 0:00:00
INFO - Retrieved 2 datasets
INFO - Existing data retrieved.
INFO - Done bulk inserting data. 2 datasets
INFO - Call took: 0:00:00.016000
INFO - Received request: <function add_dataset_group at 0x0000000006202C88>
INFO - Call took: 0:00:00
INFO - Using logging config at C:\Users\steve/Documents/svn/HYDRA/config/logging.conf
INFO - Connecting to database: sqlite:///C:\Users\Public\Documents/Hydra Modeller/db/hydra.db
INFO - Custom unit conversion file 'C:\Users\Public\Documents/Hydra Modeller/.config/hydra/unit_conversion.xml' does not exist, falling back to default file (C:\Users\steve\DOCUME~1\svn\HYDRA\HYDRAS~1\trunk\dist\HYDRAS~1\HydraLib\static\user_units.xml).
INFO - home_dir C:\Users\Public\Documents/Hydra Modeller
INFO - hydra_base_dir C:\Users\steve/Documents/svn/HYDRA
INFO - common_app_data_folder C:\ProgramData
INFO - win_common_documents C:\Users\Public\Documents
INFO - sqlite url sqlite:///C:\Users\Public\Documents/Hydra Modeller/db/hydra.db
INFO - layout_xsd_path C:\Users\steve/Documents/svn/HYDRA/HydraServer/trunk/static/xml/resource_layout.xsd
INFO - default_directory C:\Users\steve/Documents/svn/HYDRA/HydraPlugins/
INFO - result_file C:\Users\Public\Documents/Hydra Modeller/.hydra/plugin_result/
INFO - plugin_xsd_path C:\Users\steve/Documents/svn/HYDRA/HydraPlugins/xml/trunk/plugin_input.xsd
INFO - log_config_path C:\Users\steve/Documents/svn/HYDRA/config/logging.conf
INFO - listening to http://127.0.0.1:8080/soap
INFO - wsdl is at: http://127.0.0.1:8080/soap/?wsdl
INFO - Received request: <function login at 0x000000000608B9E8>
INFO - Call took: 0:00:00.312000
INFO - Received request: <function bulk_insert_data at 0x0000000006202898>
INFO - Incoming data processed in 0:00:00
INFO - Retrieved 2 datasets
INFO - Existing data retrieved.
INFO - Done bulk inserting data. 2 datasets
INFO - Call took: 0:00:00.016000
INFO - Received request: <function add_dataset_group at 0x0000000006202C88>
INFO - Call took: 0:00:00
INFO - Received request: <function login at 0x000000000608B9E8>
INFO - Call took: 0:00:00.312000
INFO - Received request: <function bulk_insert_data at 0x0000000006202898>
INFO - Incoming data processed in 0:00:00
INFO - Retrieved 2 datasets
INFO - Existing data retrieved.
INFO - Done bulk inserting data. 2 datasets
INFO - Call took: 0:00:00
INFO - Received request: <function add_dataset_group at 0x0000000006202C88>
INFO - Call took: 0:00:00.016000
INFO - Using logging config at C:\Users\steve/Documents/svn/HYDRA/config/logging.conf
INFO - Connecting to database: sqlite:///C:\Users\Public\Documents/Hydra Modeller/db/hydra.db
INFO - Custom unit conversion file 'C:\Users\Public\Documents/Hydra Modeller/.config/hydra/unit_conversion.xml' does not exist, falling back to default file (C:\Users\steve\DOCUME~1\svn\HYDRA\HYDRAS~1\trunk\dist\HYDRAS~1\HydraLib\static\user_units.xml).
INFO - home_dir C:\Users\Public\Documents/Hydra Modeller
INFO - hydra_base_dir C:\Users\steve/Documents/svn/HYDRA
INFO - common_app_data_folder C:\ProgramData
INFO - win_common_documents C:\Users\Public\Documents
INFO - sqlite url sqlite:///C:\Users\Public\Documents/Hydra Modeller/db/hydra.db
INFO - layout_xsd_path C:\Users\steve/Documents/svn/HYDRA/HydraServer/trunk/static/xml/resource_layout.xsd
INFO - default_directory C:\Users\steve/Documents/svn/HYDRA/HydraPlugins/
INFO - result_file C:\Users\Public\Documents/Hydra Modeller/.hydra/plugin_result/
INFO - plugin_xsd_path C:\Users\steve/Documents/svn/HYDRA/HydraPlugins/xml/trunk/plugin_input.xsd
INFO - log_config_path C:\Users\steve/Documents/svn/HYDRA/config/logging.conf
INFO - listening to http://127.0.0.1:8080/soap
INFO - wsdl is at: http://127.0.0.1:8080/soap/?wsdl
INFO - Received request: <function login at 0x00000000069080B8>
CRITICAL - [Errno 2] No such file or directory: 'C:\\Users\\steve\\Documents\\svn\\HYDRA\\HydraServer\\trunk\\build\\server\\out00-PYZ.pyz\\__pycache__\\_bcrypt_cffi_6b390667x92a686ca.c'
ERROR - Fault(Server: 'Fault')
Traceback (most recent call last):
  File "C:\Users\steve\Documents\svn\HYDRA\HydraServer\trunk\build\server\out00-PYZ.pyz\spyne.application", line 142, in process_request
  File "<string>", line 179, in call_wrapper
Fault: Fault(Server: 'Fault')
INFO - Received request: <function login at 0x00000000069080B8>
CRITICAL - [Errno 2] No such file or directory: 'C:\\Users\\steve\\Documents\\svn\\HYDRA\\HydraServer\\trunk\\build\\server\\out00-PYZ.pyz\\__pycache__\\_bcrypt_cffi_6b390667x92a686ca.c'
ERROR - Fault(Server: 'Fault')
Traceback (most recent call last):
  File "C:\Users\steve\Documents\svn\HYDRA\HydraServer\trunk\build\server\out00-PYZ.pyz\spyne.application", line 142, in process_request
  File "<string>", line 179, in call_wrapper
Fault: Fault(Server: 'Fault')
INFO - Using logging config at C:\Users\steve/Documents/svn/HYDRA/config/logging.conf
INFO - Connecting to database: sqlite:///C:\Users\Public\Documents/Hydra Modeller/db/hydra.db
INFO - Custom unit conversion file 'C:\Users\Public\Documents/Hydra Modeller/.config/hydra/unit_conversion.xml' does not exist, falling back to default file (C:\Users\steve\DOCUME~1\svn\HYDRA\HYDRAS~1\trunk\dist\HYDRAS~1\HydraLib\static\user_units.xml).
INFO - home_dir C:\Users\Public\Documents/Hydra Modeller
INFO - hydra_base_dir C:\Users\steve/Documents/svn/HYDRA
INFO - common_app_data_folder C:\ProgramData
INFO - win_common_documents C:\Users\Public\Documents
INFO - sqlite url sqlite:///C:\Users\Public\Documents/Hydra Modeller/db/hydra.db
INFO - layout_xsd_path C:\Users\steve/Documents/svn/HYDRA/HydraServer/trunk/static/xml/resource_layout.xsd
INFO - default_directory C:\Users\steve/Documents/svn/HYDRA/HydraPlugins/
INFO - result_file C:\Users\Public\Documents/Hydra Modeller/.hydra/plugin_result/
INFO - plugin_xsd_path C:\Users\steve/Documents/svn/HYDRA/HydraPlugins/xml/trunk/plugin_input.xsd
INFO - log_config_path C:\Users\steve/Documents/svn/HYDRA/config/logging.conf
INFO - listening to http://127.0.0.1:8080/soap
INFO - wsdl is at: http://127.0.0.1:8080/soap/?wsdl
INFO - Received request: <function login at 0x00000000068480B8>
CRITICAL - [Errno 2] No such file or directory: 'C:\\Users\\steve\\Documents\\svn\\HYDRA\\HydraServer\\trunk\\build\\server\\out00-PYZ.pyz\\__pycache__\\_bcrypt_cffi_6b390667x92a686ca.c'
ERROR - Fault(Server: 'Fault')
Traceback (most recent call last):
  File "C:\Users\steve\Documents\svn\HYDRA\HydraServer\trunk\build\server\out00-PYZ.pyz\spyne.application", line 142, in process_request
  File "<string>", line 179, in call_wrapper
Fault: Fault(Server: 'Fault')
INFO - Using logging config at C:\Users\steve/Documents/svn/HYDRA/config/logging.conf
INFO - Connecting to database: sqlite:///C:\Users\Public\Documents/Hydra Modeller/db/hydra.db
INFO - Custom unit conversion file 'C:\Users\Public\Documents/Hydra Modeller/.config/hydra/unit_conversion.xml' does not exist, falling back to default file (C:\Users\steve\Documents\svn\HYDRA\HydraLib\trunk\HydraLib\static\user_units.xml).
INFO - home_dir C:\Users\Public\Documents/Hydra Modeller
INFO - hydra_base_dir C:\Users\steve/Documents/svn/HYDRA
INFO - common_app_data_folder C:\ProgramData
INFO - win_common_documents C:\Users\Public\Documents
INFO - sqlite url sqlite:///C:\Users\Public\Documents/Hydra Modeller/db/hydra.db
INFO - layout_xsd_path C:\Users\steve/Documents/svn/HYDRA/HydraServer/trunk/static/xml/resource_layout.xsd
INFO - default_directory C:\Users\steve/Documents/svn/HYDRA/HydraPlugins/
INFO - result_file C:\Users\Public\Documents/Hydra Modeller/.hydra/plugin_result/
INFO - plugin_xsd_path C:\Users\steve/Documents/svn/HYDRA/HydraPlugins/xml/trunk/plugin_input.xsd
INFO - log_config_path C:\Users\steve/Documents/svn/HYDRA/config/logging.conf
INFO - listening to http://127.0.0.1:8080/soap
INFO - wsdl is at: http://127.0.0.1:8080/soap/?wsdl
INFO - Received request: <function login at 0x00000000060409E8>
INFO - Call took: 0:00:00.297000
INFO - Received request: <function bulk_insert_data at 0x000000000623A898>
INFO - Incoming data processed in 0:00:00
INFO - Retrieved 2 datasets
INFO - Existing data retrieved.
INFO - Done bulk inserting data. 2 datasets
INFO - Call took: 0:00:00.016000
INFO - Received request: <function add_dataset_group at 0x000000000623AC88>
INFO - Call took: 0:00:00
INFO - Using logging config at C:\Users\steve/Documents/svn/HYDRA/config/logging.conf
INFO - Connecting to database: sqlite:///C:\Users\Public\Documents/Hydra Modeller/db/hydra.db
INFO - Custom unit conversion file 'C:\Users\Public\Documents/Hydra Modeller/.config/hydra/unit_conversion.xml' does not exist, falling back to default file (C:\Users\steve\DOCUME~1\svn\HYDRA\HYDRAS~1\trunk\dist\HYDRAS~1\HydraLib\static\user_units.xml).
INFO - home_dir C:\Users\Public\Documents/Hydra Modeller
INFO - hydra_base_dir C:\Users\steve/Documents/svn/HYDRA
INFO - common_app_data_folder C:\ProgramData
INFO - win_common_documents C:\Users\Public\Documents
INFO - sqlite url sqlite:///C:\Users\Public\Documents/Hydra Modeller/db/hydra.db
INFO - layout_xsd_path C:\Users\steve/Documents/svn/HYDRA/HydraServer/trunk/static/xml/resource_layout.xsd
INFO - default_directory C:\Users\steve/Documents/svn/HYDRA/HydraPlugins/
INFO - result_file C:\Users\Public\Documents/Hydra Modeller/.hydra/plugin_result/
INFO - plugin_xsd_path C:\Users\steve/Documents/svn/HYDRA/HydraPlugins/xml/trunk/plugin_input.xsd
INFO - log_config_path C:\Users\steve/Documents/svn/HYDRA/config/logging.conf
INFO - listening to http://127.0.0.1:8080/soap
INFO - wsdl is at: http://127.0.0.1:8080/soap/?wsdl
INFO - Received request: <function login at 0x00000000068A80B8>
CRITICAL - [Errno 2] No such file or directory: 'C:\\Users\\steve\\Documents\\svn\\HYDRA\\HydraServer\\trunk\\build\\server\\out00-PYZ.pyz\\__pycache__\\_bcrypt_cffi_6b390667x92a686ca.c'
ERROR - Fault(Server: 'Fault')
Traceback (most recent call last):
  File "C:\Users\steve\Documents\svn\HYDRA\HydraServer\trunk\build\server\out00-PYZ.pyz\spyne.application", line 142, in process_request
  File "<string>", line 179, in call_wrapper
Fault: Fault(Server: 'Fault')
INFO - Using logging config at C:\Users\steve/Documents/svn/HYDRA/config/logging.conf
INFO - Connecting to database: sqlite:///C:\Users\Public\Documents/Hydra Modeller/db/hydra.db
INFO - Custom unit conversion file 'C:\Users\Public\Documents/Hydra Modeller/.config/hydra/unit_conversion.xml' does not exist, falling back to default file (C:\Users\steve\DOCUME~1\svn\HYDRA\HYDRAS~1\trunk\dist\HYDRAS~1\HydraLib\static\user_units.xml).
INFO - home_dir C:\Users\Public\Documents/Hydra Modeller
INFO - hydra_base_dir C:\Users\steve/Documents/svn/HYDRA
INFO - common_app_data_folder C:\ProgramData
INFO - win_common_documents C:\Users\Public\Documents
INFO - sqlite url sqlite:///C:\Users\Public\Documents/Hydra Modeller/db/hydra.db
INFO - layout_xsd_path C:\Users\steve/Documents/svn/HYDRA/HydraServer/trunk/static/xml/resource_layout.xsd
INFO - default_directory C:\Users\steve/Documents/svn/HYDRA/HydraPlugins/
INFO - result_file C:\Users\Public\Documents/Hydra Modeller/.hydra/plugin_result/
INFO - plugin_xsd_path C:\Users\steve/Documents/svn/HYDRA/HydraPlugins/xml/trunk/plugin_input.xsd
INFO - log_config_path C:\Users\steve/Documents/svn/HYDRA/config/logging.conf
INFO - listening to http://127.0.0.1:8080/soap
INFO - wsdl is at: http://127.0.0.1:8080/soap/?wsdl
INFO - Received request: <function login at 0x00000000068A80B8>
CRITICAL - [Errno 2] No such file or directory: 'C:\\Users\\steve\\Documents\\svn\\HYDRA\\HydraServer\\trunk\\build\\server\\out00-PYZ.pyz\\__pycache__\\_bcrypt_cffi_6b390667x92a686ca.c'
ERROR - Fault(Server: 'Fault')
Traceback (most recent call last):
  File "C:\Users\steve\Documents\svn\HYDRA\HydraServer\trunk\build\server\out00-PYZ.pyz\spyne.application", line 142, in process_request
  File "<string>", line 179, in call_wrapper
Fault: Fault(Server: 'Fault')
INFO - Using logging config at C:\Users\steve/Documents/svn/HYDRA/config/logging.conf
INFO - Connecting to database: sqlite:///C:\Users\Public\Documents/Hydra Modeller/db/hydra.db
INFO - Custom unit conversion file 'C:\Users\Public\Documents/Hydra Modeller/.config/hydra/unit_conversion.xml' does not exist, falling back to default file (C:\Users\steve\DOCUME~1\svn\HYDRA\HYDRAS~1\trunk\dist\HYDRAS~1\HydraLib\static\user_units.xml).
INFO - home_dir C:\Users\Public\Documents/Hydra Modeller
INFO - hydra_base_dir C:\Users\steve/Documents/svn/HYDRA
INFO - common_app_data_folder C:\ProgramData
INFO - win_common_documents C:\Users\Public\Documents
INFO - sqlite url sqlite:///C:\Users\Public\Documents/Hydra Modeller/db/hydra.db
INFO - layout_xsd_path C:\Users\steve/Documents/svn/HYDRA/HydraServer/trunk/static/xml/resource_layout.xsd
INFO - default_directory C:\Users\steve/Documents/svn/HYDRA/HydraPlugins/
INFO - result_file C:\Users\Public\Documents/Hydra Modeller/.hydra/plugin_result/
INFO - plugin_xsd_path C:\Users\steve/Documents/svn/HYDRA/HydraPlugins/xml/trunk/plugin_input.xsd
INFO - log_config_path C:\Users\steve/Documents/svn/HYDRA/config/logging.conf
INFO - listening to http://127.0.0.1:8080/soap
INFO - wsdl is at: http://127.0.0.1:8080/soap/?wsdl
INFO - Received request: <function login at 0x00000000068A80B8>
CRITICAL - [Errno 2] No such file or directory: 'C:\\Users\\steve\\Documents\\svn\\HYDRA\\HydraServer\\trunk\\build\\server\\out00-PYZ.pyz\\__pycache__\\_bcrypt_cffi_6b390667x92a686ca.c'
ERROR - Fault(Server: 'Fault')
Traceback (most recent call last):
  File "C:\Users\steve\Documents\svn\HYDRA\HydraServer\trunk\build\server\out00-PYZ.pyz\spyne.application", line 142, in process_request
  File "<string>", line 179, in call_wrapper
Fault: Fault(Server: 'Fault')
INFO - Using logging config at C:\Users\steve/Documents/svn/HYDRA/config/logging.conf
INFO - Connecting to database: sqlite:///C:\Users\Public\Documents/Hydra Modeller/db/hydra.db
INFO - Custom unit conversion file 'C:\Users\Public\Documents/Hydra Modeller/.config/hydra/unit_conversion.xml' does not exist, falling back to default file (C:\Users\steve\DOCUME~1\svn\HYDRA\HYDRAS~1\trunk\dist\HYDRAS~1\HydraLib\static\user_units.xml).
INFO - home_dir C:\Users\Public\Documents/Hydra Modeller
INFO - hydra_base_dir C:\Users\steve/Documents/svn/HYDRA
INFO - common_app_data_folder C:\ProgramData
INFO - win_common_documents C:\Users\Public\Documents
INFO - sqlite url sqlite:///C:\Users\Public\Documents/Hydra Modeller/db/hydra.db
INFO - layout_xsd_path C:\Users\steve/Documents/svn/HYDRA/HydraServer/trunk/static/xml/resource_layout.xsd
INFO - default_directory C:\Users\steve/Documents/svn/HYDRA/HydraPlugins/
INFO - result_file C:\Users\Public\Documents/Hydra Modeller/.hydra/plugin_result/
INFO - plugin_xsd_path C:\Users\steve/Documents/svn/HYDRA/HydraPlugins/xml/trunk/plugin_input.xsd
INFO - log_config_path C:\Users\steve/Documents/svn/HYDRA/config/logging.conf
INFO - listening to http://127.0.0.1:8080/soap
INFO - wsdl is at: http://127.0.0.1:8080/soap/?wsdl
INFO - Using logging config at C:\Users\steve/Documents/svn/HYDRA/config/logging.conf
INFO - Connecting to database: sqlite:///C:\Users\Public\Documents/Hydra Modeller/db/hydra.db
INFO - Custom unit conversion file 'C:\Users\Public\Documents/Hydra Modeller/.config/hydra/unit_conversion.xml' does not exist, falling back to default file (C:\Users\steve\DOCUME~1\svn\HYDRA\HYDRAS~1\trunk\dist\HYDRAS~1\HydraLib\static\user_units.xml).
INFO - home_dir C:\Users\Public\Documents/Hydra Modeller
INFO - hydra_base_dir C:\Users\steve/Documents/svn/HYDRA
INFO - common_app_data_folder C:\ProgramData
INFO - win_common_documents C:\Users\Public\Documents
INFO - sqlite url sqlite:///C:\Users\Public\Documents/Hydra Modeller/db/hydra.db
INFO - layout_xsd_path C:\Users\steve/Documents/svn/HYDRA/HydraServer/trunk/static/xml/resource_layout.xsd
INFO - default_directory C:\Users\steve/Documents/svn/HYDRA/HydraPlugins/
INFO - result_file C:\Users\Public\Documents/Hydra Modeller/.hydra/plugin_result/
INFO - plugin_xsd_path C:\Users\steve/Documents/svn/HYDRA/HydraPlugins/xml/trunk/plugin_input.xsd
INFO - log_config_path C:\Users\steve/Documents/svn/HYDRA/config/logging.conf
INFO - listening to http://127.0.0.1:8080/soap
INFO - wsdl is at: http://127.0.0.1:8080/soap/?wsdl
INFO - Using logging config at C:\Users\steve/Documents/svn/HYDRA/config/logging.conf
INFO - Connecting to database: sqlite:///C:\Users\Public\Documents/Hydra Modeller/db/hydra.db
INFO - Custom unit conversion file 'C:\Users\Public\Documents/Hydra Modeller/.config/hydra/unit_conversion.xml' does not exist, falling back to default file (C:\Users\steve\DOCUME~1\svn\HYDRA\HYDRAS~1\trunk\dist\HYDRAS~1\HydraLib\static\user_units.xml).
INFO - home_dir C:\Users\Public\Documents/Hydra Modeller
INFO - hydra_base_dir C:\Users\steve/Documents/svn/HYDRA
INFO - common_app_data_folder C:\ProgramData
INFO - win_common_documents C:\Users\Public\Documents
INFO - sqlite url sqlite:///C:\Users\Public\Documents/Hydra Modeller/db/hydra.db
INFO - layout_xsd_path C:\Users\steve/Documents/svn/HYDRA/HydraServer/trunk/static/xml/resource_layout.xsd
INFO - default_directory C:\Users\steve/Documents/svn/HYDRA/HydraPlugins/
INFO - result_file C:\Users\Public\Documents/Hydra Modeller/.hydra/plugin_result/
INFO - plugin_xsd_path C:\Users\steve/Documents/svn/HYDRA/HydraPlugins/xml/trunk/plugin_input.xsd
INFO - log_config_path C:\Users\steve/Documents/svn/HYDRA/config/logging.conf
INFO - listening to http://127.0.0.1:8080/soap
INFO - wsdl is at: http://127.0.0.1:8080/soap/?wsdl
INFO - Received request: <function login at 0x00000000068270B8>
CRITICAL - Attempted implicit compile of a cffi module. All cffi modules should be pre-compiled at installation time.
ERROR - Fault(Server: 'Attempted implicit compile of a cffi module. All cffi modules should be pre-compiled at installation time.')
Traceback (most recent call last):
  File "C:\Users\steve\Documents\svn\HYDRA\HydraServer\trunk\build\server\out00-PYZ.pyz\spyne.application", line 142, in process_request
  File "<string>", line 179, in call_wrapper
Fault: Fault(Server: 'Attempted implicit compile of a cffi module. All cffi modules should be pre-compiled at installation time.')
INFO - Using logging config at C:\Users\steve/Documents/svn/HYDRA/config/logging.conf
INFO - Connecting to database: sqlite:///C:\Users\Public\Documents/Hydra Modeller/db/hydra.db
INFO - Custom unit conversion file 'C:\Users\Public\Documents/Hydra Modeller/.config/hydra/unit_conversion.xml' does not exist, falling back to default file (C:\Users\steve\DOCUME~1\svn\HYDRA\HYDRAS~1\trunk\dist\HYDRAS~1\HydraLib\static\user_units.xml).
INFO - home_dir C:\Users\Public\Documents/Hydra Modeller
INFO - hydra_base_dir C:\Users\steve/Documents/svn/HYDRA
INFO - common_app_data_folder C:\ProgramData
INFO - win_common_documents C:\Users\Public\Documents
INFO - sqlite url sqlite:///C:\Users\Public\Documents/Hydra Modeller/db/hydra.db
INFO - layout_xsd_path C:\Users\steve/Documents/svn/HYDRA/HydraServer/trunk/static/xml/resource_layout.xsd
INFO - default_directory C:\Users\steve/Documents/svn/HYDRA/HydraPlugins/
INFO - result_file C:\Users\Public\Documents/Hydra Modeller/.hydra/plugin_result/
INFO - plugin_xsd_path C:\Users\steve/Documents/svn/HYDRA/HydraPlugins/xml/trunk/plugin_input.xsd
INFO - log_config_path C:\Users\steve/Documents/svn/HYDRA/config/logging.conf
INFO - listening to http://127.0.0.1:8080/soap
INFO - wsdl is at: http://127.0.0.1:8080/soap/?wsdl
INFO - Using logging config at C:\Users\steve/Documents/svn/HYDRA/config/logging.conf
INFO - Connecting to database: sqlite:///C:\Users\Public\Documents/Hydra Modeller/db/hydra.db
INFO - Custom unit conversion file 'C:\Users\Public\Documents/Hydra Modeller/.config/hydra/unit_conversion.xml' does not exist, falling back to default file (C:\Users\steve\DOCUME~1\svn\HYDRA\HYDRAS~1\trunk\dist\HYDRAS~1\HydraLib\static\user_units.xml).
INFO - Received request: <function login at 0x00000000068680B8>
CRITICAL - [Errno 2] No such file or directory: 'C:\\Users\\steve\\Documents\\svn\\HYDRA\\HydraServer\\trunk\\build\\server\\out00-PYZ.pyz\\__pycache__\\_bcrypt_cffi_6b390667x92a686ca.c'
ERROR - Fault(Server: 'Fault')
Traceback (most recent call last):
  File "C:\Users\steve\Documents\svn\HYDRA\HydraServer\trunk\build\server\out00-PYZ.pyz\spyne.application", line 142, in process_request
  File "<string>", line 179, in call_wrapper
Fault: Fault(Server: 'Fault')
INFO - Using logging config at C:\Users\steve/Documents/svn/HYDRA/config/logging.conf
INFO - Connecting to database: sqlite:///C:\Users\Public\Documents/Hydra Modeller/db/hydra.db
INFO - Custom unit conversion file 'C:\Users\Public\Documents/Hydra Modeller/.config/hydra/unit_conversion.xml' does not exist, falling back to default file (C:\Users\steve\DOCUME~1\svn\HYDRA\HYDRAS~1\trunk\dist\HYDRAS~1\HydraLib\static\user_units.xml).
INFO - home_dir C:\Users\Public\Documents/Hydra Modeller
INFO - hydra_base_dir C:\Users\steve/Documents/svn/HYDRA
INFO - common_app_data_folder C:\ProgramData
INFO - win_common_documents C:\Users\Public\Documents
INFO - sqlite url sqlite:///C:\Users\Public\Documents/Hydra Modeller/db/hydra.db
INFO - layout_xsd_path C:\Users\steve/Documents/svn/HYDRA/HydraServer/trunk/static/xml/resource_layout.xsd
INFO - default_directory C:\Users\steve/Documents/svn/HYDRA/HydraPlugins/
INFO - result_file C:\Users\Public\Documents/Hydra Modeller/.hydra/plugin_result/
INFO - plugin_xsd_path C:\Users\steve/Documents/svn/HYDRA/HydraPlugins/xml/trunk/plugin_input.xsd
INFO - log_config_path C:\Users\steve/Documents/svn/HYDRA/config/logging.conf
INFO - listening to http://127.0.0.1:8080/soap
INFO - wsdl is at: http://127.0.0.1:8080/soap/?wsdl
INFO - Using logging config at C:\Users\steve/Documents/svn/HYDRA/config/logging.conf
INFO - Connecting to database: sqlite:///C:\Users\Public\Documents/Hydra Modeller/db/hydra.db
INFO - Custom unit conversion file 'C:\Users\Public\Documents/Hydra Modeller/.config/hydra/unit_conversion.xml' does not exist, falling back to default file (C:\Users\steve\DOCUME~1\svn\HYDRA\HYDRAS~1\trunk\dist\HYDRAS~1\HydraLib\static\user_units.xml).
INFO - home_dir C:\Users\Public\Documents/Hydra Modeller
INFO - hydra_base_dir C:\Users\steve/Documents/svn/HYDRA
INFO - common_app_data_folder C:\ProgramData
INFO - win_common_documents C:\Users\Public\Documents
INFO - sqlite url sqlite:///C:\Users\Public\Documents/Hydra Modeller/db/hydra.db
INFO - layout_xsd_path C:\Users\steve/Documents/svn/HYDRA/HydraServer/trunk/static/xml/resource_layout.xsd
INFO - default_directory C:\Users\steve/Documents/svn/HYDRA/HydraPlugins/
INFO - result_file C:\Users\Public\Documents/Hydra Modeller/.hydra/plugin_result/
INFO - plugin_xsd_path C:\Users\steve/Documents/svn/HYDRA/HydraPlugins/xml/trunk/plugin_input.xsd
INFO - log_config_path C:\Users\steve/Documents/svn/HYDRA/config/logging.conf
INFO - listening to http://127.0.0.1:8080/soap
INFO - wsdl is at: http://127.0.0.1:8080/soap/?wsdl
INFO - Received request: <function login at 0x00000000068B6358>
CRITICAL - [Errno 2] No such file or directory: 'C:\\Users\\steve\\Documents\\svn\\HYDRA\\HydraServer\\trunk\\build\\server\\out00-PYZ.pyz\\__pycache__\\_bcrypt_cffi_6b390667x92a686ca.c'
ERROR - Fault(Server: 'Fault')
Traceback (most recent call last):
  File "C:\Users\steve\Documents\svn\HYDRA\HydraServer\trunk\build\server\out00-PYZ.pyz\spyne.application", line 142, in process_request
  File "<string>", line 181, in call_wrapper
Fault: Fault(Server: 'Fault')
INFO - Using logging config at C:\Users\steve/Documents/svn/HYDRA/config/logging.conf
INFO - Connecting to database: sqlite:///C:\Users\Public\Documents/Hydra Modeller/db/hydra.db
INFO - Custom unit conversion file 'C:\Users\Public\Documents/Hydra Modeller/.config/hydra/unit_conversion.xml' does not exist, falling back to default file (C:\Users\steve\DOCUME~1\svn\HYDRA\HYDRAS~1\trunk\dist\HYDRAS~1\HydraLib\static\user_units.xml).
INFO - home_dir C:\Users\Public\Documents/Hydra Modeller
INFO - hydra_base_dir C:\Users\steve/Documents/svn/HYDRA
INFO - common_app_data_folder C:\ProgramData
INFO - win_common_documents C:\Users\Public\Documents
INFO - sqlite url sqlite:///C:\Users\Public\Documents/Hydra Modeller/db/hydra.db
INFO - layout_xsd_path C:\Users\steve/Documents/svn/HYDRA/HydraServer/trunk/static/xml/resource_layout.xsd
INFO - default_directory C:\Users\steve/Documents/svn/HYDRA/HydraPlugins/
INFO - result_file C:\Users\Public\Documents/Hydra Modeller/.hydra/plugin_result/
INFO - plugin_xsd_path C:\Users\steve/Documents/svn/HYDRA/HydraPlugins/xml/trunk/plugin_input.xsd
INFO - log_config_path C:\Users\steve/Documents/svn/HYDRA/config/logging.conf
INFO - listening to http://127.0.0.1:8080/soap
INFO - wsdl is at: http://127.0.0.1:8080/soap/?wsdl
INFO - Received request: <function login at 0x00000000063819E8>
INFO - Call took: 0:00:00.391000
INFO - Received request: <function bulk_insert_data at 0x00000000067FF518>
INFO - Incoming data processed in 0:00:00.009000
INFO - Retrieved 2 datasets
INFO - Existing data retrieved.
INFO - Done bulk inserting data. 2 datasets
INFO - Call took: 0:00:00.017000
INFO - Received request: <function add_dataset_group at 0x000000000681E898>
INFO - Call took: 0:00:00.004000
INFO - Received request: <function login at 0x00000000063819E8>
INFO - Call took: 0:00:00.380000
INFO - Received request: <function bulk_insert_data at 0x00000000067FF518>
INFO - Incoming data processed in 0:00:00.005000
INFO - Retrieved 2 datasets
INFO - Existing data retrieved.
INFO - Done bulk inserting data. 2 datasets
INFO - Call took: 0:00:00.010000
INFO - Received request: <function add_dataset_group at 0x000000000681E898>
INFO - Call took: 0:00:00.003000
