INFO - Using logging config at C:\Users\steve/Documents/svn/HYDRA/config/logging.conf
INFO - Connecting to database: sqlite:///C:\Users\Public\Documents/Hydra Modeller/db/hydra.db
INFO - Custom unit conversion file 'C:\Users\Public\Documents/Hydra Modeller/.config/hydra/unit_conversion.xml' does not exist, falling back to default file (C:\Users\steve\DOCUME~1\svn\HYDRA\HYDRAS~1\trunk\dist\HYDRAS~1\HydraLib\static\user_units.xml).
INFO - home_dir C:\Users\Public\Documents/Hydra Modeller
INFO - hydra_base_dir C:\Users\steve/Documents/svn/HYDRA
INFO - common_app_data_folder C:\ProgramData
INFO - win_common_documents C:\Users\Public\Documents
INFO - sqlite url sqlite:///C:\Users\Public\Documents/Hydra Modeller/db/hydra.db
INFO - layout_xsd_path C:\Users\steve/Documents/svn/HYDRA/HydraServer/trunk/static/xml/resource_layout.xsd
INFO - default_directory C:\Users\steve/Documents/svn/HYDRA/HydraPlugins/
INFO - result_file C:\Users\Public\Documents/Hydra Modeller/.hydra/plugin_result/
INFO - plugin_xsd_path C:\Users\steve/Documents/svn/HYDRA/HydraPlugins/xml/trunk/plugin_input.xsd
INFO - log_config_path C:\Users\steve/Documents/svn/HYDRA/config/logging.conf
INFO - listening to http://127.0.0.1:8080/soap
INFO - wsdl is at: http://127.0.0.1:8080/soap/?wsdl
INFO - Received request: <function login at 0x00000000063D0A58>
INFO - Call took: 0:00:00.280000
INFO - Received request: <function bulk_insert_data at 0x000000000680D048>
INFO - Incoming data processed in 0:00:00.012000
INFO - Retrieved 2 datasets
INFO - Existing data retrieved.
INFO - Done bulk inserting data. 2 datasets
INFO - Call took: 0:00:00.018000
INFO - Received request: <function add_dataset_group at 0x000000000682F908>
INFO - Call took: 0:00:00.003000
